2024-10-13 23:10:40 0 [Note] Starting MariaDB 10.4.32-MariaDB source revision c4143f909528e3fab0677a28631d10389354c491 as process 19628
2024-10-13 23:10:40 0 [Note] InnoDB: Mutexes and rw_locks use Windows interlocked functions
2024-10-13 23:10:40 0 [Note] InnoDB: Uses event mutexes
2024-10-13 23:10:40 0 [Note] InnoDB: Compressed tables use zlib 1.3
2024-10-13 23:10:40 0 [Note] InnoDB: Number of pools: 1
2024-10-13 23:10:40 0 [Note] InnoDB: Using SSE2 crc32 instructions
2024-10-13 23:10:40 0 [Note] InnoDB: Initializing buffer pool, total size = 16M, instances = 1, chunk size = 16M
2024-10-13 23:10:40 0 [Note] InnoDB: Completed initialization of buffer pool
2024-10-13 23:10:40 0 [Note] InnoDB: Starting crash recovery from checkpoint LSN=300288
2024-10-13 23:10:40 0 [Note] InnoDB: 128 out of 128 rollback segments are active.
2024-10-13 23:10:40 0 [Note] InnoDB: Removed temporary tablespace data file: "ibtmp1"
2024-10-13 23:10:40 0 [Note] InnoDB: Creating shared tablespace for temporary tables
2024-10-13 23:10:40 0 [Note] InnoDB: Setting file 'C:\Users\Torka\Documents\PHP\mysql\data\ibtmp1' size to 12 MB. Physically writing the file full; Please wait ...
2024-10-13 23:10:40 0 [Note] InnoDB: File 'C:\Users\Torka\Documents\PHP\mysql\data\ibtmp1' size is now 12 MB.
2024-10-13 23:10:40 0 [Note] InnoDB: Waiting for purge to start
2024-10-13 23:10:40 0 [Note] InnoDB: 10.4.32 started; log sequence number 300297; transaction id 170
2024-10-13 23:10:40 0 [Note] Plugin 'FEEDBACK' is disabled.
2024-10-13 23:10:40 0 [Note] InnoDB: Loading buffer pool(s) from C:\Users\Torka\Documents\PHP\mysql\data\ib_buffer_pool
2024-10-13 23:10:40 0 [Note] InnoDB: Buffer pool(s) load completed at 241013 23:10:40
2024-10-13 23:10:40 0 [Note] Server socket created on IP: '::'.
2025-05-01 13:09:35 0 [Note] Starting MariaDB 10.4.32-MariaDB source revision c4143f909528e3fab0677a28631d10389354c491 as process 39464
2025-05-01 13:09:35 0 [Note] InnoDB: Mutexes and rw_locks use Windows interlocked functions
2025-05-01 13:09:35 0 [Note] InnoDB: Uses event mutexes
2025-05-01 13:09:35 0 [Note] InnoDB: Compressed tables use zlib 1.3
2025-05-01 13:09:35 0 [Note] InnoDB: Number of pools: 1
2025-05-01 13:09:35 0 [Note] InnoDB: Using SSE2 crc32 instructions
2025-05-01 13:09:35 0 [Note] InnoDB: Initializing buffer pool, total size = 16M, instances = 1, chunk size = 16M
2025-05-01 13:09:35 0 [Note] InnoDB: Completed initialization of buffer pool
2025-05-01 13:09:35 0 [Note] InnoDB: Starting crash recovery from checkpoint LSN=11175461
2025-05-01 13:09:36 0 [Note] InnoDB: 128 out of 128 rollback segments are active.
2025-05-01 13:09:36 0 [Note] InnoDB: Removed temporary tablespace data file: "ibtmp1"
2025-05-01 13:09:36 0 [Note] InnoDB: Creating shared tablespace for temporary tables
2025-05-01 13:09:36 0 [Note] InnoDB: Setting file 'C:\Users\Torka\Documents\PHP\mysql\data\ibtmp1' size to 12 MB. Physically writing the file full; Please wait ...
2025-05-01 13:09:36 0 [Note] InnoDB: File 'C:\Users\Torka\Documents\PHP\mysql\data\ibtmp1' size is now 12 MB.
2025-05-01 13:09:36 0 [Note] InnoDB: Waiting for purge to start
2025-05-01 13:09:36 0 [Note] InnoDB: 10.4.32 started; log sequence number 11175470; transaction id 867
2025-05-01 13:09:36 0 [Note] InnoDB: Loading buffer pool(s) from C:\Users\Torka\Documents\PHP\mysql\data\ib_buffer_pool
2025-05-01 13:09:36 0 [Note] Plugin 'FEEDBACK' is disabled.
2025-05-01 13:09:36 0 [Note] InnoDB: Buffer pool(s) load completed at 250501 13:09:36
2025-05-01 13:09:36 0 [Note] Server socket created on IP: '::'.
2025-05-01 17:17:54 0 [Note] Starting MariaDB 10.4.32-MariaDB source revision c4143f909528e3fab0677a28631d10389354c491 as process 33332
2025-05-01 17:17:54 0 [Note] InnoDB: Mutexes and rw_locks use Windows interlocked functions
2025-05-01 17:17:54 0 [Note] InnoDB: Uses event mutexes
2025-05-01 17:17:54 0 [Note] InnoDB: Compressed tables use zlib 1.3
2025-05-01 17:17:54 0 [Note] InnoDB: Number of pools: 1
2025-05-01 17:17:54 0 [Note] InnoDB: Using SSE2 crc32 instructions
2025-05-01 17:17:54 0 [Note] InnoDB: Initializing buffer pool, total size = 16M, instances = 1, chunk size = 16M
2025-05-01 17:17:54 0 [Note] InnoDB: Completed initialization of buffer pool
2025-05-01 17:17:54 0 [Note] InnoDB: Starting crash recovery from checkpoint LSN=11183634
2025-05-01 17:17:54 0 [Note] InnoDB: 128 out of 128 rollback segments are active.
2025-05-01 17:17:54 0 [Note] InnoDB: Removed temporary tablespace data file: "ibtmp1"
2025-05-01 17:17:54 0 [Note] InnoDB: Creating shared tablespace for temporary tables
2025-05-01 17:17:54 0 [Note] InnoDB: Setting file 'C:\Users\Torka\Documents\PHP\mysql\data\ibtmp1' size to 12 MB. Physically writing the file full; Please wait ...
2025-05-01 17:17:54 0 [Note] InnoDB: File 'C:\Users\Torka\Documents\PHP\mysql\data\ibtmp1' size is now 12 MB.
2025-05-01 17:17:54 0 [Note] InnoDB: Waiting for purge to start
2025-05-01 17:17:54 0 [Note] InnoDB: 10.4.32 started; log sequence number 11183643; transaction id 932
2025-05-01 17:17:54 0 [Note] InnoDB: Loading buffer pool(s) from C:\Users\Torka\Documents\PHP\mysql\data\ib_buffer_pool
2025-05-01 17:17:54 0 [Note] Plugin 'FEEDBACK' is disabled.
2025-05-01 17:17:54 0 [Note] InnoDB: Buffer pool(s) load completed at 250501 17:17:54
2025-05-01 17:17:54 0 [Note] Server socket created on IP: '::'.
2025-05-01 17:23:55 0 [Note] Starting MariaDB 10.4.32-MariaDB source revision c4143f909528e3fab0677a28631d10389354c491 as process 39184
2025-05-01 17:23:55 0 [Note] InnoDB: Mutexes and rw_locks use Windows interlocked functions
2025-05-01 17:23:55 0 [Note] InnoDB: Uses event mutexes
2025-05-01 17:23:55 0 [Note] InnoDB: Compressed tables use zlib 1.3
2025-05-01 17:23:55 0 [Note] InnoDB: Number of pools: 1
2025-05-01 17:23:55 0 [Note] InnoDB: Using SSE2 crc32 instructions
2025-05-01 17:23:55 0 [Note] InnoDB: Initializing buffer pool, total size = 16M, instances = 1, chunk size = 16M
2025-05-01 17:23:55 0 [Note] InnoDB: Completed initialization of buffer pool
2025-05-01 17:23:55 0 [Note] InnoDB: Starting crash recovery from checkpoint LSN=11183652
2025-05-01 17:23:55 0 [Note] InnoDB: 128 out of 128 rollback segments are active.
2025-05-01 17:23:55 0 [Note] InnoDB: Removed temporary tablespace data file: "ibtmp1"
2025-05-01 17:23:55 0 [Note] InnoDB: Creating shared tablespace for temporary tables
2025-05-01 17:23:55 0 [Note] InnoDB: Setting file 'C:\Users\Torka\Documents\PHP\mysql\data\ibtmp1' size to 12 MB. Physically writing the file full; Please wait ...
2025-05-01 17:23:55 0 [Note] InnoDB: File 'C:\Users\Torka\Documents\PHP\mysql\data\ibtmp1' size is now 12 MB.
2025-05-01 17:23:55 0 [Note] InnoDB: Waiting for purge to start
2025-05-01 17:23:55 0 [Note] InnoDB: 10.4.32 started; log sequence number 11183661; transaction id 932
2025-05-01 17:23:55 0 [Note] InnoDB: Loading buffer pool(s) from C:\Users\Torka\Documents\PHP\mysql\data\ib_buffer_pool
2025-05-01 17:23:55 0 [Note] Plugin 'FEEDBACK' is disabled.
2025-05-01 17:23:55 0 [Note] InnoDB: Buffer pool(s) load completed at 250501 17:23:55
2025-05-01 17:23:55 0 [Note] Server socket created on IP: '::'.
2025-05-01 17:44:21 0 [Note] Starting MariaDB 10.4.32-MariaDB source revision c4143f909528e3fab0677a28631d10389354c491 as process 10860
2025-05-01 17:44:21 0 [Note] InnoDB: Mutexes and rw_locks use Windows interlocked functions
2025-05-01 17:44:21 0 [Note] InnoDB: Uses event mutexes
2025-05-01 17:44:21 0 [Note] InnoDB: Compressed tables use zlib 1.3
2025-05-01 17:44:21 0 [Note] InnoDB: Number of pools: 1
2025-05-01 17:44:21 0 [Note] InnoDB: Using SSE2 crc32 instructions
2025-05-01 17:44:21 0 [Note] InnoDB: Initializing buffer pool, total size = 16M, instances = 1, chunk size = 16M
2025-05-01 17:44:21 0 [Note] InnoDB: Completed initialization of buffer pool
2025-05-01 17:44:21 0 [Note] InnoDB: Starting crash recovery from checkpoint LSN=11184065
2025-05-01 17:44:21 0 [Note] InnoDB: 128 out of 128 rollback segments are active.
2025-05-01 17:44:21 0 [Note] InnoDB: Removed temporary tablespace data file: "ibtmp1"
2025-05-01 17:44:21 0 [Note] InnoDB: Creating shared tablespace for temporary tables
2025-05-01 17:44:21 0 [Note] InnoDB: Setting file 'C:\Users\Torka\Documents\PHP\mysql\data\ibtmp1' size to 12 MB. Physically writing the file full; Please wait ...
2025-05-01 17:44:21 0 [Note] InnoDB: File 'C:\Users\Torka\Documents\PHP\mysql\data\ibtmp1' size is now 12 MB.
2025-05-01 17:44:21 0 [Note] InnoDB: Waiting for purge to start
2025-05-01 17:44:21 0 [Note] InnoDB: 10.4.32 started; log sequence number 11184074; transaction id 956
2025-05-01 17:44:21 0 [Note] InnoDB: Loading buffer pool(s) from C:\Users\Torka\Documents\PHP\mysql\data\ib_buffer_pool
2025-05-01 17:44:21 0 [Note] Plugin 'FEEDBACK' is disabled.
2025-05-01 17:44:21 0 [Note] InnoDB: Buffer pool(s) load completed at 250501 17:44:21
2025-05-01 17:44:21 0 [Note] Server socket created on IP: '::'.
2025-05-06 13:43:53 0 [Note] Starting MariaDB 10.4.32-MariaDB source revision c4143f909528e3fab0677a28631d10389354c491 as process 59856
2025-05-06 13:43:53 0 [Note] InnoDB: Mutexes and rw_locks use Windows interlocked functions
2025-05-06 13:43:53 0 [Note] InnoDB: Uses event mutexes
2025-05-06 13:43:53 0 [Note] InnoDB: Compressed tables use zlib 1.3
2025-05-06 13:43:53 0 [Note] InnoDB: Number of pools: 1
2025-05-06 13:43:53 0 [Note] InnoDB: Using SSE2 crc32 instructions
2025-05-06 13:43:53 0 [Note] InnoDB: Initializing buffer pool, total size = 16M, instances = 1, chunk size = 16M
2025-05-06 13:43:53 0 [Note] InnoDB: Completed initialization of buffer pool
2025-05-06 13:43:53 0 [Note] InnoDB: Starting crash recovery from checkpoint LSN=11205565
2025-05-06 13:43:53 0 [Note] InnoDB: 128 out of 128 rollback segments are active.
2025-05-06 13:43:53 0 [Note] InnoDB: Removed temporary tablespace data file: "ibtmp1"
2025-05-06 13:43:53 0 [Note] InnoDB: Creating shared tablespace for temporary tables
2025-05-06 13:43:53 0 [Note] InnoDB: Setting file 'C:\Users\Torka\Documents\PHP\mysql\data\ibtmp1' size to 12 MB. Physically writing the file full; Please wait ...
2025-05-06 13:43:53 0 [Note] InnoDB: File 'C:\Users\Torka\Documents\PHP\mysql\data\ibtmp1' size is now 12 MB.
2025-05-06 13:43:53 0 [Note] InnoDB: Waiting for purge to start
2025-05-06 13:43:53 0 [Note] InnoDB: 10.4.32 started; log sequence number 11205574; transaction id 1050
2025-05-06 13:43:53 0 [Note] InnoDB: Loading buffer pool(s) from C:\Users\Torka\Documents\PHP\mysql\data\ib_buffer_pool
2025-05-06 13:43:53 0 [Note] Plugin 'FEEDBACK' is disabled.
2025-05-06 13:43:54 0 [Note] InnoDB: Buffer pool(s) load completed at 250506 13:43:54
2025-05-06 13:43:54 0 [Note] Server socket created on IP: '::'.
